  [1m[36mBook Load (0.4ms)[0m  [1m[34mSELECT "books".* FROM "books" WHERE "books"."id" = $1 LIMIT $2[0m  [["id", 1], ["LIMIT", 1]]
  ↳ app/workers/book_update_handler.rb:6:in `perform'
  [1m[35m (0.2ms)[0m  [1m[35mBEGIN[0m
  ↳ app/workers/book_update_handler.rb:8:in `perform'
  [1m[36mBook Update (0.4ms)[0m  [1m[33mUPDATE "books" SET "table_updated" = $1, "updated_at" = $2 WHERE "books"."id" = $3[0m  [["table_updated", false], ["updated_at", "2022-08-01 11:43:53.129120"], ["id", 1]]
  ↳ app/workers/book_update_handler.rb:8:in `perform'
  [1m[35m (1.2ms)[0m  [1m[35mCOMMIT[0m
  ↳ app/workers/book_update_handler.rb:8:in `perform'
  [1m[36mBook Load (0.4ms)[0m  [1m[34mSELECT "books".* FROM "books" ORDER BY "books"."id" DESC LIMIT $1[0m  [["LIMIT", 1]]
  [1m[36mBook Load (0.5ms)[0m  [1m[34mSELECT "books".* FROM "books" ORDER BY "books"."id" DESC LIMIT $1[0m  [["LIMIT", 1]]
  [1m[35m (0.4ms)[0m  [1m[35mBEGIN[0m
  [1m[36mBook Update (3.4ms)[0m  [1m[33mUPDATE "books" SET "name" = $1, "updated_at" = $2 WHERE "books"."id" = $3[0m  [["name", "ss"], ["updated_at", "2022-08-01 11:44:08.838458"], ["id", 1]]
  [1m[35m (1.2ms)[0m  [1m[35mCOMMIT[0m
  [1m[36mBook Load (1.3ms)[0m  [1m[34mSELECT "books".* FROM "books" ORDER BY "books"."id" DESC LIMIT $1[0m  [["LIMIT", 1]]
xxxxxxxxxx
  [1m[36mBook Load (0.3ms)[0m  [1m[34mSELECT "books".* FROM "books" WHERE "books"."table_updated" = $1 ORDER BY "books"."id" ASC LIMIT $2[0m  [["table_updated", true], ["LIMIT", 1000]]
  ↳ lib/tasks/check_for_update.rake:5:in `block (2 levels) in <main>'
  [1m[36mBook Load (0.3ms)[0m  [1m[34mSELECT "books".* FROM "books" WHERE "books"."id" = $1 LIMIT $2[0m  [["id", 1], ["LIMIT", 1]]
  ↳ app/workers/book_update_handler.rb:6:in `perform'
  [1m[35m (0.2ms)[0m  [1m[35mBEGIN[0m
  ↳ app/workers/book_update_handler.rb:8:in `perform'
  [1m[36mBook Update (0.4ms)[0m  [1m[33mUPDATE "books" SET "table_updated" = $1, "updated_at" = $2 WHERE "books"."id" = $3[0m  [["table_updated", false], ["updated_at", "2022-08-01 11:44:27.888829"], ["id", 1]]
  ↳ app/workers/book_update_handler.rb:8:in `perform'
  [1m[35m (0.7ms)[0m  [1m[35mCOMMIT[0m
  ↳ app/workers/book_update_handler.rb:8:in `perform'
  [1m[36mBook Load (1.2ms)[0m  [1m[34mSELECT "books".* FROM "books" ORDER BY "books"."id" DESC LIMIT $1[0m  [["LIMIT", 1]]
  [1m[36mBook Load (1.1ms)[0m  [1m[34mSELECT "books".* FROM "books" ORDER BY "books"."id" DESC LIMIT $1[0m  [["LIMIT", 1]]
  [1m[35m (0.8ms)[0m  [1m[35mBEGIN[0m
  [1m[36mBook Update (1.8ms)[0m  [1m[33mUPDATE "books" SET "name" = $1, "updated_at" = $2 WHERE "books"."id" = $3[0m  [["name", "sss"], ["updated_at", "2022-08-01 11:45:52.433263"], ["id", 1]]
  [1m[35m (2.8ms)[0m  [1m[35mCOMMIT[0m
  [1m[36mBook Load (1.3ms)[0m  [1m[34mSELECT "books".* FROM "books" ORDER BY "books"."id" DESC LIMIT $1[0m  [["LIMIT", 1]]
  [1m[36mBook Load (0.3ms)[0m  [1m[34mSELECT "books".* FROM "books" WHERE "books"."table_updated" = $1 ORDER BY "books"."id" ASC LIMIT $2[0m  [["table_updated", true], ["LIMIT", 1000]]
  ↳ lib/tasks/check_for_update.rake:4:in `block (2 levels) in <main>'
  [1m[36mBook Load (0.3ms)[0m  [1m[34mSELECT "books".* FROM "books" WHERE "books"."id" = $1 LIMIT $2[0m  [["id", 1], ["LIMIT", 1]]
  ↳ app/workers/book_update_handler.rb:6:in `perform'
  [1m[35m (0.3ms)[0m  [1m[35mBEGIN[0m
  ↳ app/workers/book_update_handler.rb:8:in `perform'
  [1m[36mBook Update (0.4ms)[0m  [1m[33mUPDATE "books" SET "table_updated" = $1, "updated_at" = $2 WHERE "books"."id" = $3[0m  [["table_updated", false], ["updated_at", "2022-08-01 11:46:00.469044"], ["id", 1]]
  ↳ app/workers/book_update_handler.rb:8:in `perform'
  [1m[35m (0.8ms)[0m  [1m[35mCOMMIT[0m
  ↳ app/workers/book_update_handler.rb:8:in `perform'
  [1m[36mBook Load (0.5ms)[0m  [1m[34mSELECT "books".* FROM "books" WHERE "books"."table_updated" = $1 ORDER BY "books"."id" ASC LIMIT $2[0m  [["table_updated", true], ["LIMIT", 1000]]
  ↳ lib/tasks/check_for_update.rake:4:in `block (2 levels) in <main>'
  [1m[36mBook Load (1.2ms)[0m  [1m[34mSELECT "books".* FROM "books" ORDER BY "books"."id" DESC LIMIT $1[0m  [["LIMIT", 1]]
  [1m[35m (0.6ms)[0m  [1m[35mBEGIN[0m
  [1m[36mBook Update (1.5ms)[0m  [1m[33mUPDATE "books" SET "name" = $1, "updated_at" = $2 WHERE "books"."id" = $3[0m  [["name", "sssss"], ["updated_at", "2022-08-01 11:47:55.650171"], ["id", 1]]
  [1m[35m (1.4ms)[0m  [1m[35mCOMMIT[0m
  [1m[36mBook Load (0.3ms)[0m  [1m[34mSELECT "books".* FROM "books" WHERE "books"."table_updated" = $1 ORDER BY "books"."id" ASC LIMIT $2[0m  [["table_updated", true], ["LIMIT", 1000]]
  ↳ lib/tasks/check_for_update.rake:4:in `block (2 levels) in <main>'
  [1m[36mBook Load (0.3ms)[0m  [1m[34mSELECT "books".* FROM "books" WHERE "books"."id" = $1 LIMIT $2[0m  [["id", 1], ["LIMIT", 1]]
  ↳ app/workers/book_update_handler.rb:6:in `perform'
  [1m[35m (0.2ms)[0m  [1m[35mBEGIN[0m
  ↳ app/workers/book_update_handler.rb:8:in `perform'
  [1m[36mBook Update (0.4ms)[0m  [1m[33mUPDATE "books" SET "table_updated" = $1, "updated_at" = $2 WHERE "books"."id" = $3[0m  [["table_updated", false], ["updated_at", "2022-08-01 11:48:08.943176"], ["id", 1]]
  ↳ app/workers/book_update_handler.rb:8:in `perform'
  [1m[35m (2.1ms)[0m  [1m[35mCOMMIT[0m
  ↳ app/workers/book_update_handler.rb:8:in `perform'
  [1m[36mBook Load (1.1ms)[0m  [1m[34mSELECT "books".* FROM "books" ORDER BY "books"."id" DESC LIMIT $1[0m  [["LIMIT", 1]]
  [1m[36mBook Load (1.0ms)[0m  [1m[34mSELECT "books".* FROM "books" ORDER BY "books"."id" DESC LIMIT $1[0m  [["LIMIT", 1]]
  [1m[36mBook Load (1.1ms)[0m  [1m[34mSELECT "books".* FROM "books" WHERE "books"."id" = $1 LIMIT $2[0m  [["id", 1], ["LIMIT", 1]]
  [1m[35m (0.7ms)[0m  [1m[35mBEGIN[0m
  [1m[36mBook Update (1.5ms)[0m  [1m[33mUPDATE "books" SET "name" = $1, "updated_at" = $2 WHERE "books"."id" = $3[0m  [["name", "ssssss"], ["updated_at", "2022-08-01 11:48:45.006258"], ["id", 1]]
  [1m[35m (1.7ms)[0m  [1m[35mCOMMIT[0m
  [1m[36mBook Load (1.2ms)[0m  [1m[34mSELECT "books".* FROM "books" ORDER BY "books"."id" DESC LIMIT $1[0m  [["LIMIT", 1]]
  [1m[36mBook Load (0.4ms)[0m  [1m[34mSELECT "books".* FROM "books" WHERE "books"."table_updated" = $1 ORDER BY "books"."id" ASC LIMIT $2[0m  [["table_updated", true], ["LIMIT", 1000]]
  ↳ lib/tasks/check_for_update.rake:4:in `block (2 levels) in <main>'
  [1m[36mBook Load (0.3ms)[0m  [1m[34mSELECT "books".* FROM "books" WHERE "books"."id" = $1 LIMIT $2[0m  [["id", 1], ["LIMIT", 1]]
  ↳ app/workers/book_update_handler.rb:6:in `perform'
  [1m[35m (0.2ms)[0m  [1m[35mBEGIN[0m
  ↳ app/workers/book_update_handler.rb:8:in `perform'
  [1m[36mBook Update (0.4ms)[0m  [1m[33mUPDATE "books" SET "table_updated" = $1, "updated_at" = $2 WHERE "books"."id" = $3[0m  [["table_updated", false], ["updated_at", "2022-08-01 11:48:54.554653"], ["id", 1]]
  ↳ app/workers/book_update_handler.rb:8:in `perform'
  [1m[35m (2.0ms)[0m  [1m[35mCOMMIT[0m
  ↳ app/workers/book_update_handler.rb:8:in `perform'
updated the book--#<Book id: 1, name: "ssssss", price: nil, table_updated: false, created_at: "2022-08-01 11:08:07", updated_at: "2022-08-01 11:48:54">
  [1m[36mBook Load (1.2ms)[0m  [1m[34mSELECT "books".* FROM "books" ORDER BY "books"."id" DESC LIMIT $1[0m  [["LIMIT", 1]]
Started GET "/" for ::1 at 2022-08-01 17:20:16 +0530
Processing by VisitorController#index as HTML
  Rendering visitor/index.html.erb within layouts/application
  [1m[36mBook Load (0.8ms)[0m  [1m[34mSELECT "books".* FROM "books"[0m
  ↳ app/views/visitor/index.html.erb:7
  Rendered visitor/index.html.erb within layouts/application (Duration: 7.8ms | Allocations: 4450)
[Webpacker] Everything's up-to-date. Nothing to do
Completed 200 OK in 14ms (Views: 11.4ms | ActiveRecord: 0.8ms | Allocations: 8498)


  [1m[35m (0.5ms)[0m  [1m[34mSELECT "schema_migrations"."version" FROM "schema_migrations" ORDER BY "schema_migrations"."version" ASC[0m
  [1m[36mBook Load (0.3ms)[0m  [1m[34mSELECT "books".* FROM "books" WHERE "books"."name" = $1 AND "books"."price" = $2 LIMIT $3[0m  [["name", "test book"], ["price", 25.0], ["LIMIT", 1]]
  [1m[35m (0.1ms)[0m  [1m[35mBEGIN[0m
  [1m[36mBook Create (0.4ms)[0m  [1m[32mINSERT INTO "books" ("name", "price", "created_at", "updated_at") VALUES ($1, $2, $3, $4) RETURNING "id"[0m  [["name", "test book"], ["price", 25.0], ["created_at", "2022-08-01 11:51:25.890905"], ["updated_at", "2022-08-01 11:51:25.890905"]]
  [1m[35m (0.9ms)[0m  [1m[35mCOMMIT[0m
  [1m[36mBook Load (0.4ms)[0m  [1m[34mSELECT "books".* FROM "books" ORDER BY "books"."id" DESC LIMIT $1[0m  [["LIMIT", 1]]
